Determining if the pthread_create exist failed with the following output:
Change Dir: /home/daniel/Noveno/Complejidad/Proyecto/SAT-IP/Informe/Candy SL21/build/CMakeFiles/CMakeTmp

Run Build Command:"/usr/bin/make" "cmTC_aa315/fast"
/usr/bin/make -f CMakeFiles/cmTC_aa315.dir/build.make CMakeFiles/cmTC_aa315.dir/build
make[1]: Entering directory '/home/daniel/Noveno/Complejidad/Proyecto/SAT-IP/Informe/Candy SL21/build/CMakeFiles/CMakeTmp'
Building C object CMakeFiles/cmTC_aa315.dir/CheckSymbolExists.c.o
/usr/bin/cc    -o CMakeFiles/cmTC_aa315.dir/CheckSymbolExists.c.o   -c "/home/daniel/Noveno/Complejidad/Proyecto/SAT-IP/Informe/Candy SL21/build/CMakeFiles/CMakeTmp/CheckSymbolExists.c"
Linking C executable cmTC_aa315
"/home/daniel/Noveno/Complejidad/Proyecto/SAT-IP/Informe/Candy SL21/build/cmake/bin/cmake" -E cmake_link_script CMakeFiles/cmTC_aa315.dir/link.txt --verbose=1
/usr/bin/cc      -rdynamic CMakeFiles/cmTC_aa315.dir/CheckSymbolExists.c.o  -o cmTC_aa315 
CMakeFiles/cmTC_aa315.dir/CheckSymbolExists.c.o: In function `main':
CheckSymbolExists.c:(.text+0x16): undefined reference to `pthread_create'
collect2: error: ld returned 1 exit status
CMakeFiles/cmTC_aa315.dir/build.make:97: recipe for target 'cmTC_aa315' failed
make[1]: *** [cmTC_aa315] Error 1
make[1]: Leaving directory '/home/daniel/Noveno/Complejidad/Proyecto/SAT-IP/Informe/Candy SL21/build/CMakeFiles/CMakeTmp'
Makefile:126: recipe for target 'cmTC_aa315/fast' failed
make: *** [cmTC_aa315/fast] Error 2

File /home/daniel/Noveno/Complejidad/Proyecto/SAT-IP/Informe/Candy SL21/build/CMakeFiles/CMakeTmp/CheckSymbolExists.c:
/* */
#include <pthread.h>

int main(int argc, char** argv)
{
  (void)argv;
#ifndef pthread_create
  return ((int*)(&pthread_create))[argc];
#else
  (void)argc;
  return 0;
#endif
}

Determining if the function pthread_create exists in the pthreads failed with the following output:
Change Dir: /home/daniel/Noveno/Complejidad/Proyecto/SAT-IP/Informe/Candy SL21/build/CMakeFiles/CMakeTmp

Run Build Command:"/usr/bin/make" "cmTC_106b8/fast"
/usr/bin/make -f CMakeFiles/cmTC_106b8.dir/build.make CMakeFiles/cmTC_106b8.dir/build
make[1]: Entering directory '/home/daniel/Noveno/Complejidad/Proyecto/SAT-IP/Informe/Candy SL21/build/CMakeFiles/CMakeTmp'
Building C object CMakeFiles/cmTC_106b8.dir/CheckFunctionExists.c.o
/usr/bin/cc   -DCHECK_FUNCTION_EXISTS=pthread_create   -o CMakeFiles/cmTC_106b8.dir/CheckFunctionExists.c.o   -c "/home/daniel/Noveno/Complejidad/Proyecto/SAT-IP/Informe/Candy SL21/build/cmake/share/cmake-3.9/Modules/CheckFunctionExists.c"
Linking C executable cmTC_106b8
"/home/daniel/Noveno/Complejidad/Proyecto/SAT-IP/Informe/Candy SL21/build/cmake/bin/cmake" -E cmake_link_script CMakeFiles/cmTC_106b8.dir/link.txt --verbose=1
/usr/bin/cc  -DCHECK_FUNCTION_EXISTS=pthread_create    -rdynamic CMakeFiles/cmTC_106b8.dir/CheckFunctionExists.c.o  -o cmTC_106b8 -lpthreads 
/usr/bin/ld: cannot find -lpthreads
collect2: error: ld returned 1 exit status
CMakeFiles/cmTC_106b8.dir/build.make:97: recipe for target 'cmTC_106b8' failed
make[1]: *** [cmTC_106b8] Error 1
make[1]: Leaving directory '/home/daniel/Noveno/Complejidad/Proyecto/SAT-IP/Informe/Candy SL21/build/CMakeFiles/CMakeTmp'
Makefile:126: recipe for target 'cmTC_106b8/fast' failed
make: *** [cmTC_106b8/fast] Error 2


